<?xml version="1.0" encoding="UTF-8"?>
<!-- Generated by org.testng.reporters.JUnitReportReporter -->
<testsuite hostname="LAPTOP-2C3CKVD9" failures="0" tests="1" name="ListenersPackage.ExtendRepo" time="14.837" errors="0" timestamp="2025-01-02T19:25:20 EST" skipped="0">
  <testcase classname="ListenersPackage.ExtendRepo" name="exe" time="14.837"/>
</testsuite> <!-- ListenersPackage.ExtendRepo -->
