<?xml version="1.0" encoding="UTF-8"?>
<!-- Generated by org.testng.reporters.JUnitReportReporter -->
<testsuite hostname="LAPTOP-2C3CKVD9" failures="0" tests="2" name="ListenersPackage.MainBlock" time="0.036" errors="0" timestamp="2025-01-05T15:33:11 EST" skipped="0">
  <testcase classname="ListenersPackage.MainBlock" name="t1" time="0.033"/>
  <testcase classname="ListenersPackage.MainBlock" name="t2" time="0.003"/>
</testsuite> <!-- ListenersPackage.MainBlock -->
