<?xml version="1.0" encoding="UTF-8"?>
<!-- Generated by org.testng.reporters.JUnitReportReporter -->
<testsuite hostname="LAPTOP-2C3CKVD9" failures="0" tests="2" name="GlobalDataPractice.JsonTest" time="0.013" errors="0" timestamp="2025-01-05T21:49:55 EST" skipped="0">
  <testcase classname="GlobalDataPractice.JsonTest" name="integ" time="0.010"/>
  <testcase classname="GlobalDataPractice.JsonTest" name="integ" time="0.003"/>
</testsuite> <!-- GlobalDataPractice.JsonTest -->
