<?xml version="1.0" encoding="UTF-8"?>
<!-- Generated by org.testng.reporters.JUnitReportReporter -->
<testsuite hostname="LAPTOP-2C3CKVD9" failures="0" tests="2" name="ListenersPackage.MainBlock" time="0.042" errors="0" timestamp="2025-01-05T22:00:41 EST" skipped="0">
  <testcase classname="ListenersPackage.MainBlock" name="t2" time="0.002"/>
  <testcase classname="ListenersPackage.MainBlock" name="t1" time="0.040"/>
</testsuite> <!-- ListenersPackage.MainBlock -->
