<?xml version="1.0" encoding="UTF-8"?>
<!-- Generated by org.testng.reporters.JUnitReportReporter -->
<testsuite hostname="LAPTOP-2C3CKVD9" failures="0" tests="2" name="ListenersPackage.MainBlock" time="0.032" errors="0" timestamp="2025-01-06T22:08:36 EST" skipped="0">
  <testcase classname="ListenersPackage.MainBlock" name="t1" time="0.031"/>
  <testcase classname="ListenersPackage.MainBlock" name="t2" time="0.001"/>
</testsuite> <!-- ListenersPackage.MainBlock -->
